INFO  INFO  Validating config
Validating config
INFO  
  ===================================================================
      #####  #    # ##### ##### ###### #####  ###### #      #   #
      #    # #    #   #     #   #      #    # #      #       # #
      #####  #    #   #     #   #####  #    # #####  #        #
      #    # #    #   #     #   #      #####  #      #        #
      #    # #    #   #     #   #      #   #  #      #        #
      #####   ####    #     #   ###### #    # #      ######   #
                            5.2.1
  ===================================================================
INFO  
  ===================================================================
      #####  #    # ##### ##### ###### #####  ###### #      #   #
      #    # #    #   #     #   #      #    # #      #       # #
      #####  #    #   #     #   #####  #    # #####  #        #
      #    # #    #   #     #   #      #####  #      #        #
      #    # #    #   #     #   #      #   #  #      #        #
      #####   ####    #     #   ###### #    # #      ######   #
                            5.2.1
  ===================================================================
INFO  Start processing
INFO  Start processing
INFO  Files loaded in 1.65 s
INFO  Hexo is running at http://localhost:4000/ . Press Ctrl+C to stop.
INFO  Generated: 404.html
INFO  Generated: about/index.html
INFO  Generated: news/index.html
INFO  Generated: archives/2024/11/index.html
INFO  Generated: tags/index.html
INFO  Generated: release-plan/index.html
INFO  Generated: index.html
INFO  Generated: archives/2024/index.html
INFO  Generated: archives/index.html
INFO  Generated: archives/2024/12/index.html
INFO  Generated: tags/轻松一下/index.html
INFO  11 files generated in 90 ms
